# JRE version: OpenJDK Runtime Environment (16.0.2+7) (build 16.0.2+7-67)
# Java VM: OpenJDK 64-Bit Server VM (16.0.2+7-67, mixed mode, sharing, tiered, compressed oops, compressed class ptrs, g1 gc, windows-amd64)
GC Precious Log:
 CPUs: 8 total, 8 available
 Memory: 8033M
 Large Page Support: Disabled
 NUMA Support: Disabled
 Compressed Oops: Enabled (32-bit)
 Heap Region Size: 1M
 Heap Min Capacity: 256M
 Heap Initial Capacity: 256M
 Heap Max Capacity: 512M
 Pre-touch: Disabled
 Parallel Workers: 8
 Concurrent Workers: 2
 Concurrent Refinement Workers: 8
 Periodic GC: Disabled
Heap:
 garbage-first heap   total 262144K, used 140942K [0x00000000e0000000, 0x0000000100000000)
  region size 1024K, 101 young (103424K), 11 survivors (11264K)
 Metaspace       used 60146K, committed 60800K, reserved 270336K
  class space    used 7881K, committed 8192K, reserved 212992K
GC Heap History (14 events):
Event: 3.797 GC heap before
{Heap before GC invocations=0 (full 0):
 garbage-first heap   total 262144K, used 28672K [0x00000000e0000000, 0x0000000100000000)
  region size 1024K, 23 young (23552K), 0 survivors (0K)
 Metaspace       used 3186K, committed 3328K, reserved 221184K
  class space    used 390K, committed 448K, reserved 212992K
}
Event: 3.801 GC heap after
{Heap after GC invocations=1 (full 0):
 garbage-first heap   total 262144K, used 9407K [0x00000000e0000000, 0x0000000100000000)
  region size 1024K, 3 young (3072K), 3 survivors (3072K)
 Metaspace       used 3186K, committed 3328K, reserved 221184K
  class space    used 390K, committed 448K, reserved 212992K
}
Event: 5.432 GC heap before
{Heap before GC invocations=1 (full 0):
 garbage-first heap   total 262144K, used 33983K [0x00000000e0000000, 0x0000000100000000)
  region size 1024K, 28 young (28672K), 3 survivors (3072K)
 Metaspace       used 4088K, committed 4288K, reserved 221184K
  class space    used 486K, committed 576K, reserved 212992K
}
Event: 5.434 GC heap after
{Heap after GC invocations=2 (full 0):
 garbage-first heap   total 262144K, used 9924K [0x00000000e0000000, 0x0000000100000000)
  region size 1024K, 1 young (1024K), 1 survivors (1024K)
 Metaspace       used 4088K, committed 4288K, reserved 221184K
  class space    used 486K, committed 576K, reserved 212992K
}
Event: 10.112 GC heap before
{Heap before GC invocations=2 (full 0):
 garbage-first heap   total 262144K, used 122564K [0x00000000e0000000, 0x0000000100000000)
  region size 1024K, 112 young (114688K), 1 survivors (1024K)
 Metaspace       used 20973K, committed 21248K, reserved 237568K
  class space    used 3105K, committed 3264K, reserved 212992K
}
Event: 10.119 GC heap after
{Heap after GC invocations=3 (full 0):
 garbage-first heap   total 262144K, used 20454K [0x00000000e0000000, 0x0000000100000000)
  region size 1024K, 11 young (11264K), 11 survivors (11264K)
 Metaspace       used 20973K, committed 21248K, reserved 237568K
  class space    used 3105K, committed 3264K, reserved 212992K
}
Event: 11.463 GC heap before
{Heap before GC invocations=4 (full 0):
 garbage-first heap   total 262144K, used 125926K [0x00000000e0000000, 0x0000000100000000)
  region size 1024K, 112 young (114688K), 11 survivors (11264K)
 Metaspace       used 35212K, committed 35520K, reserved 245760K
  class space    used 4780K, committed 4928K, reserved 212992K
}
Event: 11.476 GC heap after
{Heap after GC invocations=5 (full 0):
 garbage-first heap   total 262144K, used 29507K [0x00000000e0000000, 0x0000000100000000)
  region size 1024K, 10 young (10240K), 10 survivors (10240K)
 Metaspace       used 35212K, committed 35520K, reserved 245760K
  class space    used 4780K, committed 4928K, reserved 212992K
}
Event: 14.263 GC heap before
{Heap before GC invocations=6 (full 0):
 garbage-first heap   total 262144K, used 160579K [0x00000000e0000000, 0x0000000100000000)
  region size 1024K, 138 young (141312K), 10 survivors (10240K)
 Metaspace       used 45630K, committed 46080K, reserved 253952K
  class space    used 6426K, committed 6592K, reserved 212992K
}
Event: 14.276 GC heap after
{Heap after GC invocations=7 (full 0):
 garbage-first heap   total 262144K, used 39454K [0x00000000e0000000, 0x0000000100000000)
  region size 1024K, 18 young (18432K), 18 survivors (18432K)
 Metaspace       used 45630K, committed 46080K, reserved 253952K
  class space    used 6426K, committed 6592K, reserved 212992K
}
Event: 744.965 GC heap before
{Heap before GC invocations=7 (full 0):
 garbage-first heap   total 262144K, used 176670K [0x00000000e0000000, 0x0000000100000000)
  region size 1024K, 153 young (156672K), 18 survivors (18432K)
 Metaspace       used 58818K, committed 59456K, reserved 270336K
  class space    used 7826K, committed 8128K, reserved 212992K
}
Event: 744.985 GC heap after
{Heap after GC invocations=8 (full 0):
 garbage-first heap   total 262144K, used 44890K [0x00000000e0000000, 0x0000000100000000)
  region size 1024K, 15 young (15360K), 15 survivors (15360K)
 Metaspace       used 58818K, committed 59456K, reserved 270336K
  class space    used 7826K, committed 8128K, reserved 212992K
}
Event: 745.255 GC heap before
{Heap before GC invocations=8 (full 0):
 garbage-first heap   total 262144K, used 67418K [0x00000000e0000000, 0x0000000100000000)
  region size 1024K, 39 young (39936K), 15 survivors (15360K)
 Metaspace       used 58952K, committed 59520K, reserved 270336K
  class space    used 7826K, committed 8128K, reserved 212992K
}
Event: 745.270 GC heap after
{Heap after GC invocations=9 (full 0):
 garbage-first heap   total 262144K, used 50830K [0x00000000e0000000, 0x0000000100000000)
  region size 1024K, 11 young (11264K), 11 survivors (11264K)
 Metaspace       used 58952K, committed 59520K, reserved 270336K
  class space    used 7826K, committed 8128K, reserved 212992K
}

